<?xml version="1.0" encoding="UTF-8"?>
<testng-results ignored="0" total="4" passed="4" failed="0" skipped="0">
  <reporter-output>
  </reporter-output>
  <suite started-at="2022-11-27T11:51:39Z" name="Saucelabs Automation suite" finished-at="2022-11-27T11:52:49Z" duration-ms="70279">
    <groups>
    </groups>
    <test started-at="2022-11-27T11:51:39Z" name="SauceTest chrome" finished-at="2022-11-27T11:52:13Z" duration-ms="34210">
      <class name="com.qa.base.OpenCart">
        <test-method is-config="true" signature="setUp(java.lang.String, java.lang.String, java.lang.String, java.lang.reflect.Method)[pri:0, instance:com.qa.base.OpenCart@1f53a5dc]" started-at="2022-11-27T11:51:39Z" name="setUp" finished-at="2022-11-27T11:51:51Z" duration-ms="11538" status="PASS">
          <params>
            <param index="0">
              <value>
                <![CDATA[chrome]]>
              </value>
            </param>
            <param index="1">
              <value>
                <![CDATA[Windows 10]]>
              </value>
            </param>
            <param index="2">
              <value>
                <![CDATA[latest]]>
              </value>
            </param>
            <param index="3">
              <value>
                <![CDATA[public void com.qa.base.OpenCart.dologin()]]>
              </value>
            </param>
          </params>
          <reporter-output>
          </reporter-output>
        </test-method> <!-- setUp -->
        <test-method signature="dologin()[pri:1, instance:com.qa.base.OpenCart@1f53a5dc]" started-at="2022-11-27T11:51:51Z" name="dologin" finished-at="2022-11-27T11:51:58Z" duration-ms="7055" status="PASS">
          <reporter-output>
          </reporter-output>
        </test-method> <!-- dologin -->
        <test-method is-config="true" signature="tearDown()[pri:0, instance:com.qa.base.OpenCart@1f53a5dc]" started-at="2022-11-27T11:51:58Z" name="tearDown" finished-at="2022-11-27T11:51:58Z" duration-ms="306" status="PASS">
          <reporter-output>
          </reporter-output>
        </test-method> <!-- tearDown -->
        <test-method is-config="true" signature="setUp(java.lang.String, java.lang.String, java.lang.String, java.lang.reflect.Method)[pri:0, instance:com.qa.base.OpenCart@1f53a5dc]" started-at="2022-11-27T11:51:58Z" name="setUp" finished-at="2022-11-27T11:52:07Z" duration-ms="9209" status="PASS">
          <params>
            <param index="0">
              <value>
                <![CDATA[chrome]]>
              </value>
            </param>
            <param index="1">
              <value>
                <![CDATA[Windows 10]]>
              </value>
            </param>
            <param index="2">
              <value>
                <![CDATA[latest]]>
              </value>
            </param>
            <param index="3">
              <value>
                <![CDATA[public void com.qa.base.OpenCart.checkPageTitle()]]>
              </value>
            </param>
          </params>
          <reporter-output>
          </reporter-output>
        </test-method> <!-- setUp -->
        <test-method signature="checkPageTitle()[pri:2, instance:com.qa.base.OpenCart@1f53a5dc]" started-at="2022-11-27T11:52:07Z" name="checkPageTitle" finished-at="2022-11-27T11:52:13Z" duration-ms="5741" status="PASS">
          <reporter-output>
          </reporter-output>
        </test-method> <!-- checkPageTitle -->
        <test-method is-config="true" signature="tearDown()[pri:0, instance:com.qa.base.OpenCart@1f53a5dc]" started-at="2022-11-27T11:52:13Z" name="tearDown" finished-at="2022-11-27T11:52:13Z" duration-ms="298" status="PASS">
          <reporter-output>
          </reporter-output>
        </test-method> <!-- tearDown -->
      </class> <!-- com.qa.base.OpenCart -->
    </test> <!-- SauceTest chrome -->
    <test started-at="2022-11-27T11:52:13Z" name="SauceTest firefox" finished-at="2022-11-27T11:52:49Z" duration-ms="36022">
      <class name="com.qa.base.OpenCart">
        <test-method is-config="true" signature="setUp(java.lang.String, java.lang.String, java.lang.String, java.lang.reflect.Method)[pri:0, instance:com.qa.base.OpenCart@132e0cc]" started-at="2022-11-27T11:52:13Z" name="setUp" finished-at="2022-11-27T11:52:26Z" duration-ms="12133" status="PASS">
          <params>
            <param index="0">
              <value>
                <![CDATA[firefox]]>
              </value>
            </param>
            <param index="1">
              <value>
                <![CDATA[macOs 10.15]]>
              </value>
            </param>
            <param index="2">
              <value>
                <![CDATA[107]]>
              </value>
            </param>
            <param index="3">
              <value>
                <![CDATA[public void com.qa.base.OpenCart.dologin()]]>
              </value>
            </param>
          </params>
          <reporter-output>
          </reporter-output>
        </test-method> <!-- setUp -->
        <test-method signature="dologin()[pri:1, instance:com.qa.base.OpenCart@132e0cc]" started-at="2022-11-27T11:52:26Z" name="dologin" finished-at="2022-11-27T11:52:31Z" duration-ms="5227" status="PASS">
          <reporter-output>
          </reporter-output>
        </test-method> <!-- dologin -->
        <test-method is-config="true" signature="tearDown()[pri:0, instance:com.qa.base.OpenCart@132e0cc]" started-at="2022-11-27T11:52:31Z" name="tearDown" finished-at="2022-11-27T11:52:31Z" duration-ms="407" status="PASS">
          <reporter-output>
          </reporter-output>
        </test-method> <!-- tearDown -->
        <test-method is-config="true" signature="setUp(java.lang.String, java.lang.String, java.lang.String, java.lang.reflect.Method)[pri:0, instance:com.qa.base.OpenCart@132e0cc]" started-at="2022-11-27T11:52:31Z" name="setUp" finished-at="2022-11-27T11:52:43Z" duration-ms="12081" status="PASS">
          <params>
            <param index="0">
              <value>
                <![CDATA[firefox]]>
              </value>
            </param>
            <param index="1">
              <value>
                <![CDATA[macOs 10.15]]>
              </value>
            </param>
            <param index="2">
              <value>
                <![CDATA[107]]>
              </value>
            </param>
            <param index="3">
              <value>
                <![CDATA[public void com.qa.base.OpenCart.checkPageTitle()]]>
              </value>
            </param>
          </params>
          <reporter-output>
          </reporter-output>
        </test-method> <!-- setUp -->
        <test-method signature="checkPageTitle()[pri:2, instance:com.qa.base.OpenCart@132e0cc]" started-at="2022-11-27T11:52:43Z" name="checkPageTitle" finished-at="2022-11-27T11:52:49Z" duration-ms="5735" status="PASS">
          <reporter-output>
          </reporter-output>
        </test-method> <!-- checkPageTitle -->
        <test-method is-config="true" signature="tearDown()[pri:0, instance:com.qa.base.OpenCart@132e0cc]" started-at="2022-11-27T11:52:49Z" name="tearDown" finished-at="2022-11-27T11:52:49Z" duration-ms="431" status="PASS">
          <reporter-output>
          </reporter-output>
        </test-method> <!-- tearDown -->
      </class> <!-- com.qa.base.OpenCart -->
    </test> <!-- SauceTest firefox -->
  </suite> <!-- Saucelabs Automation suite -->
</testng-results>
